(2017-May-29 16:23:15.469696)[warning]: Empty string was discovered during file loading.
(2017-May-29 16:23:15.469935)[info]: Dataset "datasets/classification/clustering.csv" was successfully loaded.
(2017-May-29 16:23:15.469970)[info]: Data matrix: Mat(13,2):[
Vec(2/2):[0, 0],
Vec(2/2):[0, 4],
Vec(2/2):[1, 0],
Vec(2/2):[2, 0],
Vec(2/2):[0, 1],
Vec(2/2):[1, 1],
Vec(2/2):[2, 1],
Vec(2/2):[5, 2],
Vec(2/2):[4, 3],
Vec(2/2):[5, 3],
Vec(2/2):[3, 4],
Vec(2/2):[4, 4],
Vec(2/2):[5, 4],
]
(2017-May-29 16:23:15.470026)[info]: Target vector: Vec(13/13):[0, 0, 0, 0, 0, 1, 2, 10, 12, 15, 12, 16, 20]
(2017-May-29 16:23:15.470070)[trace]: DIST_MAT:Mat(13,13):[
Vec(13/13):[-1, -1, 1, 2, 1, 1.41421, -1, -1, -1, -1, -1, -1, -1],
Vec(13/13):[-1, -1, -1, -1, -1, -1, -1, -1, -1, -1, -1, -1, -1],
Vec(13/13):[1, -1, -1, 1, 1.41421, 1, 1.41421, -1, -1, -1, -1, -1, -1],
Vec(13/13):[2, -1, 1, -1, -1, 1.41421, 1, -1, -1, -1, -1, -1, -1],
Vec(13/13):[1, -1, 1.41421, -1, -1, 1, 2, -1, -1, -1, -1, -1, -1],
Vec(13/13):[1.41421, -1, 1, 1.41421, 1, -1, 1, -1, -1, -1, -1, -1, -1],
Vec(13/13):[-1, -1, 1.41421, 1, 2, 1, -1, -1, -1, -1, -1, -1, -1],
Vec(13/13):[-1, -1, -1, -1, -1, -1, -1, -1, 1.41421, -1, 1, -1, 2],
Vec(13/13):[-1, -1, -1, -1, -1, -1, -1, 1.41421, -1, 1.41421, 1, 1, 1.41421],
Vec(13/13):[-1, -1, -1, -1, -1, -1, -1, -1, 1.41421, -1, -1, 1, 2],
Vec(13/13):[-1, -1, -1, -1, -1, -1, -1, 1, 1, -1, -1, 1.41421, 1],
Vec(13/13):[-1, -1, -1, -1, -1, -1, -1, -1, 1, 1, 1.41421, -1, 1],
Vec(13/13):[-1, -1, -1, -1, -1, -1, -1, 2, 1.41421, 2, 1, 1, -1],
]
(2017-May-29 16:23:15.470175)[trace]: Processing object 0
(2017-May-29 16:23:15.470189)[trace]: TARGETVec(13/13):[1, 0, -1, -1, -1, -1, -1, -1, -1, -1, -1, -1, -1]
(2017-May-29 16:23:15.470201)[trace]: Inner processing object 0...
(2017-May-29 16:23:15.470212)[trace]: Object 2 within eps radius!
(2017-May-29 16:23:15.470221)[trace]: Object 3 within eps radius!
(2017-May-29 16:23:15.470232)[trace]: Object 4 within eps radius!
(2017-May-29 16:23:15.470243)[trace]: Object 5 within eps radius!
(2017-May-29 16:23:15.470253)[trace]: Inner processing object 2...
(2017-May-29 16:23:15.470264)[trace]: Object 3 within eps radius!
(2017-May-29 16:23:15.470274)[trace]: Object 4 within eps radius!
(2017-May-29 16:23:15.470285)[trace]: Object 5 within eps radius!
(2017-May-29 16:23:15.470296)[trace]: Object 6 within eps radius!
(2017-May-29 16:23:15.470306)[trace]: Inner processing object 3...
(2017-May-29 16:23:15.470317)[trace]: Object 5 within eps radius!
(2017-May-29 16:23:15.470344)[trace]: Object 6 within eps radius!
(2017-May-29 16:23:15.470370)[trace]: Inner processing object 4...
(2017-May-29 16:23:15.470382)[trace]: Object 5 within eps radius!
(2017-May-29 16:23:15.470394)[trace]: Object 6 within eps radius!
(2017-May-29 16:23:15.470406)[trace]: Inner processing object 5...
(2017-May-29 16:23:15.470418)[trace]: Object 6 within eps radius!
(2017-May-29 16:23:15.470430)[trace]: Inner processing object 6...
(2017-May-29 16:23:15.470443)[trace]: TARGETVec(13/13):[1, 0, 1, 1, 1, 1, 1, -1, -1, -1, -1, -1, -1]
(2017-May-29 16:23:15.470470)[trace]: Exited processing loop
(2017-May-29 16:23:15.470483)[trace]: Object 1 was processed already
(2017-May-29 16:23:15.470496)[trace]: Object 2 was processed already
(2017-May-29 16:23:15.470508)[trace]: Object 3 was processed already
(2017-May-29 16:23:15.470520)[trace]: Object 4 was processed already
(2017-May-29 16:23:15.470533)[trace]: Object 5 was processed already
(2017-May-29 16:23:15.470545)[trace]: Object 6 was processed already
(2017-May-29 16:23:15.470556)[trace]: Processing object 7
(2017-May-29 16:23:15.470569)[trace]: TARGETVec(13/13):[1, 0, 1, 1, 1, 1, 1, 2, -1, -1, -1, -1, -1]
(2017-May-29 16:23:15.470584)[trace]: Inner processing object 7...
(2017-May-29 16:23:15.470597)[trace]: Object 8 within eps radius!
(2017-May-29 16:23:15.470609)[trace]: Object 10 within eps radius!
(2017-May-29 16:23:15.470622)[trace]: Object 12 within eps radius!
(2017-May-29 16:23:15.470634)[trace]: Inner processing object 8...
(2017-May-29 16:23:15.470646)[trace]: Object 9 within eps radius!
(2017-May-29 16:23:15.470662)[trace]: Object 10 within eps radius!
(2017-May-29 16:23:15.470676)[trace]: Object 11 within eps radius!
(2017-May-29 16:23:15.470688)[trace]: Object 12 within eps radius!
(2017-May-29 16:23:15.470700)[trace]: Inner processing object 9...
(2017-May-29 16:23:15.470712)[trace]: Object 11 within eps radius!
(2017-May-29 16:23:15.470725)[trace]: Object 12 within eps radius!
(2017-May-29 16:23:15.470737)[trace]: Inner processing object 10...
(2017-May-29 16:23:15.470749)[trace]: Object 11 within eps radius!
(2017-May-29 16:23:15.470761)[trace]: Object 12 within eps radius!
(2017-May-29 16:23:15.470773)[trace]: Inner processing object 11...
(2017-May-29 16:23:15.470784)[trace]: Object 12 within eps radius!
(2017-May-29 16:23:15.470794)[trace]: Inner processing object 12...
(2017-May-29 16:23:15.470805)[trace]: TARGETVec(13/13):[1, 0, 1, 1, 1, 1, 1, 2, 2, 2, 2, 2, 2]
(2017-May-29 16:23:15.470818)[trace]: Exited processing loop
(2017-May-29 16:23:15.470828)[trace]: Object 8 was processed already
(2017-May-29 16:23:15.470838)[trace]: Object 9 was processed already
(2017-May-29 16:23:15.470848)[trace]: Object 10 was processed already
(2017-May-29 16:23:15.470859)[trace]: Object 11 was processed already
(2017-May-29 16:23:15.470869)[trace]: Object 12 was processed already
(2017-May-29 16:23:15.470884)[trace]: NEW TARGETVec(13/13):[1, 0, 1, 1, 1, 1, 1, 2, 2, 2, 2, 2, 2]
(2017-May-29 16:23:15.470905)[info]: Clustered:SampleSet{13; 3}:[GSamps{6, tag:1}:[Mat(6,2):[
Vec(2/2):[0, 0],
Vec(2/2):[1, 0],
Vec(2/2):[2, 0],
Vec(2/2):[0, 1],
Vec(2/2):[1, 1],
Vec(2/2):[2, 1],
], GSamps{1, tag:0}:[Mat(1,2):[
Vec(2/2):[0, 4],
]
, GSamps{6, tag:2}:[Mat(6,2):[
Vec(2/2):[5, 2],
Vec(2/2):[4, 3],
Vec(2/2):[3, 4],
Vec(2/2):[5, 3],
Vec(2/2):[4, 4],
Vec(2/2):[5, 4],
]
]
(2017-May-29 16:23:15.470943)[debug]: Program ended successfully.
