(2018-05-03 10:09:39.590260)[warning]: Empty string was discovered during file loading.
(2018-05-03 10:09:39.590604)[info]: Dataset "datasets/14_gh_music_lon.csv" was successfully loaded.
(2018-05-03 10:09:39.593884)[info]: Current CV indices:Vec(3/3):[0, 0, 0]
(2018-05-03 10:10:20.905478)[info]: MSE 0: 3350.46
(2018-05-03 10:10:50.250233)[warning]: Population has degradated.
(2018-05-03 10:10:57.093979)[info]: MSE 1: 3142.06
(2018-05-03 10:11:16.440710)[info]: MSE 2: 2512.44
(2018-05-03 10:11:36.064211)[info]: MSE 3: 3632.53
(2018-05-03 10:12:03.013734)[info]: MSE 4: 3498.34
(2018-05-03 10:12:34.039725)[info]: MSE 5: 4889.55
(2018-05-03 10:12:52.619963)[info]: MSE 6: 2460.49
(2018-05-03 10:13:14.006287)[info]: MSE 7: 2560.84
(2018-05-03 10:13:43.553959)[info]: MSE 8: 2527.38
(2018-05-03 10:16:36.112808)[info]: MSE 9: 4312.41
(2018-05-03 10:16:36.113693)[info]: Quality:Vec(10/10):[3350.46, 3142.06, 2512.44, 3632.53, 3498.34, 4889.55, 2460.49, 2560.84, 2527.38, 4312.41]
(2018-05-03 10:16:36.113786)[info]: Avg quality:3288.65
(2018-05-03 10:16:36.113806)[info]: Updated best quality!!
(2018-05-03 10:16:36.115664)[info]: Current CV indices:Vec(3/3):[0, 1, 0]
(2018-05-03 10:19:16.969161)[info]: MSE 0: 2678.96
(2018-05-03 10:21:47.236215)[info]: MSE 1: 2914.47
(2018-05-03 10:22:44.271248)[info]: MSE 2: 2283.26
(2018-05-03 10:27:01.720619)[info]: MSE 3: 4195.15
(2018-05-03 10:27:32.676698)[info]: MSE 4: 3021.63
(2018-05-03 10:34:08.121711)[info]: MSE 5: 2448.58
(2018-05-03 10:34:38.954559)[info]: MSE 6: 3500.97
(2018-05-03 10:36:08.331905)[info]: MSE 7: 3136
(2018-05-03 10:36:58.330222)[info]: MSE 8: 2620.18
(2018-05-03 10:41:53.508012)[info]: MSE 9: 3026.85
(2018-05-03 10:41:53.508228)[info]: Quality:Vec(10/10):[2678.96, 2914.47, 2283.26, 4195.15, 3021.63, 2448.58, 3500.97, 3136, 2620.18, 3026.85]
(2018-05-03 10:41:53.508312)[info]: Avg quality:2982.6
(2018-05-03 10:41:53.508358)[info]: Updated best quality!!
(2018-05-03 10:41:53.511275)[info]: Current CV indices:Vec(3/3):[0, 2, 0]
(2018-05-03 10:42:42.226070)[info]: MSE 0: 4017.26
(2018-05-03 10:43:22.267709)[info]: MSE 1: 3087.8
(2018-05-03 10:49:22.766895)[info]: MSE 2: 2348.14
(2018-05-03 10:54:55.149516)[info]: MSE 3: 5202.37
(2018-05-03 10:58:52.896281)[info]: MSE 4: 2656.77
(2018-05-03 10:59:41.907278)[info]: MSE 5: 2607.12
(2018-05-03 11:03:22.737324)[info]: MSE 6: 2837.44
(2018-05-03 11:07:04.661048)[info]: MSE 7: 2985.54
(2018-05-03 11:09:49.589252)[info]: MSE 8: 2770.8
(2018-05-03 11:12:08.237489)[info]: MSE 9: 2576.35
(2018-05-03 11:12:08.238189)[info]: Quality:Vec(10/10):[4017.26, 3087.8, 2348.14, 5202.37, 2656.77, 2607.12, 2837.44, 2985.54, 2770.8, 2576.35]
(2018-05-03 11:12:08.238259)[info]: Avg quality:3108.96
(2018-05-03 11:12:08.240854)[info]: Final quality:2982.6
